
CommandNotFoundError: Your shell has not been properly configured to use 'conda activate'.
To initialize your shell, run

    $ conda init <SHELL_NAME>

Currently supported shells are:
  - bash
  - fish
  - tcsh
  - xonsh
  - zsh
  - powershell

See 'conda init --help' for more information and options.

IMPORTANT: You may need to close and restart your shell after running 'conda init'.


  0%|                                                                                              | 0/50 [00:00<?, ?it/s]  2%|█▋                                                                                    | 1/50 [00:02<02:01,  2.49s/it]  4%|███▍                                                                                  | 2/50 [00:05<02:16,  2.85s/it]  6%|█████▏                                                                                | 3/50 [00:08<02:24,  3.08s/it]  8%|██████▉                                                                               | 4/50 [00:12<02:32,  3.31s/it] 10%|████████▌                                                                             | 5/50 [00:16<02:38,  3.52s/it] 12%|██████████▎                                                                           | 6/50 [00:20<02:44,  3.73s/it] 14%|████████████                                                                          | 7/50 [00:25<02:49,  3.95s/it] 16%|█████████████▊                                                                        | 8/50 [00:29<02:54,  4.16s/it] 18%|███████████████▍                                                                      | 9/50 [00:34<03:01,  4.42s/it] 20%|█████████████████                                                                    | 10/50 [00:39<03:05,  4.65s/it] 22%|██████████████████▋                                                                  | 11/50 [00:45<03:09,  4.86s/it] 24%|████████████████████▍                                                                | 12/50 [00:50<03:13,  5.09s/it] 26%|██████████████████████                                                               | 13/50 [00:56<03:18,  5.36s/it] 28%|███████████████████████▊                                                             | 14/50 [01:02<03:21,  5.60s/it] 30%|█████████████████████████▌                                                           | 15/50 [01:09<03:25,  5.86s/it] 32%|███████████████████████████▏                                                         | 16/50 [01:16<03:28,  6.13s/it] 34%|████████████████████████████▉                                                        | 17/50 [01:23<03:31,  6.40s/it] 36%|██████████████████████████████▌                                                      | 18/50 [01:30<03:33,  6.68s/it] 38%|████████████████████████████████▎                                                    | 19/50 [01:38<03:36,  7.00s/it] 40%|██████████████████████████████████                                                   | 20/50 [01:46<03:37,  7.25s/it] 42%|███████████████████████████████████▋                                                 | 21/50 [01:54<03:37,  7.49s/it] 44%|█████████████████████████████████████▍                                               | 22/50 [02:02<03:34,  7.68s/it] 46%|███████████████████████████████████████                                              | 23/50 [02:11<03:36,  8.01s/it] 48%|████████████████████████████████████████▊                                            | 24/50 [02:19<03:34,  8.24s/it] 50%|██████████████████████████████████████████▌                                          | 25/50 [02:28<03:33,  8.53s/it] 52%|████████████████████████████████████████████▏                                        | 26/50 [02:38<03:30,  8.79s/it] 54%|█████████████████████████████████████████████▉                                       | 27/50 [02:48<03:28,  9.06s/it] 56%|███████████████████████████████████████████████▌                                     | 28/50 [02:58<03:25,  9.33s/it] 58%|█████████████████████████████████████████████████▎                                   | 29/50 [03:08<03:22,  9.63s/it] 60%|███████████████████████████████████████████████████                                  | 30/50 [03:19<03:18,  9.94s/it] 62%|████████████████████████████████████████████████████▋                                | 31/50 [03:29<03:12, 10.15s/it] 64%|██████████████████████████████████████████████████████▍                              | 32/50 [03:40<03:08, 10.49s/it] 66%|████████████████████████████████████████████████████████                             | 33/50 [03:52<03:03, 10.82s/it] 68%|█████████████████████████████████████████████████████████▊                           | 34/50 [04:04<02:58, 11.14s/it] 70%|███████████████████████████████████████████████████████████▍                         | 35/50 [04:16<02:51, 11.45s/it] 72%|█████████████████████████████████████████████████████████████▏                       | 36/50 [04:28<02:43, 11.69s/it] 74%|██████████████████████████████████████████████████████████████▉                      | 37/50 [04:41<02:35, 11.99s/it] 76%|████████████████████████████████████████████████████████████████▌                    | 38/50 [04:54<02:27, 12.33s/it] 78%|██████████████████████████████████████████████████████████████████▎                  | 39/50 [05:07<02:17, 12.53s/it] 80%|████████████████████████████████████████████████████████████████████                 | 40/50 [05:21<02:08, 12.89s/it] 82%|█████████████████████████████████████████████████████████████████████▋               | 41/50 [05:35<01:59, 13.26s/it] 84%|███████████████████████████████████████████████████████████████████████▍             | 42/50 [05:49<01:48, 13.53s/it] 86%|█████████████████████████████████████████████████████████████████████████            | 43/50 [06:04<01:37, 13.94s/it] 88%|██████████████████████████████████████████████████████████████████████████▊          | 44/50 [06:19<01:25, 14.29s/it] 90%|████████████████████████████████████████████████████████████████████████████▌        | 45/50 [06:34<01:11, 14.34s/it] 92%|██████████████████████████████████████████████████████████████████████████████▏      | 46/50 [06:50<00:59, 14.84s/it] 94%|███████████████████████████████████████████████████████████████████████████████▉     | 47/50 [07:05<00:45, 15.09s/it] 96%|█████████████████████████████████████████████████████████████████████████████████▌   | 48/50 [07:22<00:31, 15.53s/it] 98%|███████████████████████████████████████████████████████████████████████████████████▎ | 49/50 [07:38<00:15, 15.84s/it]100%|█████████████████████████████████████████████████████████████████████████████████████| 50/50 [07:54<00:00, 15.91s/it]100%|█████████████████████████████████████████████████████████████████████████████████████| 50/50 [07:54<00:00,  9.50s/it]
  0%|                                                                                             | 0/100 [00:00<?, ?it/s]  0%|                                                                                             | 0/100 [02:22<?, ?it/s]
multiprocessing.pool.RemoteTraceback: 
"""
Traceback (most recent call last):
  File "/oak/stanford/orgs/kipac/users/delon/miniconda3/envs/nblensing/lib/python3.9/multiprocessing/pool.py", line 125, in worker
    result = (True, func(*args, **kwds))
  File "/home/users/delon/LensQuEst/dev/gen_MCMC_N1.py", line 290, in process_data
    TkTkps.append(TkTkp)
  File "<string>", line 2, in append
  File "/oak/stanford/orgs/kipac/users/delon/miniconda3/envs/nblensing/lib/python3.9/multiprocessing/managers.py", line 810, in _callmethod
    kind, result = conn.recv()
  File "/oak/stanford/orgs/kipac/users/delon/miniconda3/envs/nblensing/lib/python3.9/multiprocessing/connection.py", line 250, in recv
    buf = self._recv_bytes()
  File "/oak/stanford/orgs/kipac/users/delon/miniconda3/envs/nblensing/lib/python3.9/multiprocessing/connection.py", line 414, in _recv_bytes
    buf = self._recv(4)
  File "/oak/stanford/orgs/kipac/users/delon/miniconda3/envs/nblensing/lib/python3.9/multiprocessing/connection.py", line 383, in _recv
    raise EOFError
EOFError
"""

The above exception was the direct cause of the following exception:

Traceback (most recent call last):
  File "/home/users/delon/LensQuEst/dev/gen_MCMC_N1.py", line 300, in <module>
    results = list(tqdm(pool.imap(process_data,  range(100)), total=100))
  File "/oak/stanford/orgs/kipac/users/delon/miniconda3/envs/nblensing/lib/python3.9/site-packages/tqdm/std.py", line 1178, in __iter__
    for obj in iterable:
  File "/oak/stanford/orgs/kipac/users/delon/miniconda3/envs/nblensing/lib/python3.9/multiprocessing/pool.py", line 870, in next
    raise value
EOFError
slurmstepd: error: Detected 3102 oom_kill events in StepId=27908722.batch. Some of the step tasks have been OOM Killed.
