
CommandNotFoundError: Your shell has not been properly configured to use 'conda activate'.
To initialize your shell, run

    $ conda init <SHELL_NAME>

Currently supported shells are:
  - bash
  - fish
  - tcsh
  - xonsh
  - zsh
  - powershell

See 'conda init --help' for more information and options.

IMPORTANT: You may need to close and restart your shell after running 'conda init'.


  0%|          | 0/2500 [00:00<?, ?it/s]  0%|          | 1/2500 [00:00<10:00,  4.16it/s]  0%|          | 4/2500 [00:00<09:55,  4.19it/s]  1%|▏         | 36/2500 [00:01<00:56, 43.54it/s]  3%|▎         | 74/2500 [00:01<00:38, 63.34it/s]  3%|▎         | 83/2500 [00:01<00:39, 60.96it/s]  4%|▍         | 104/2500 [00:02<00:38, 62.73it/s]  5%|▍         | 118/2500 [00:02<00:37, 64.11it/s]  6%|▌         | 140/2500 [00:02<00:27, 84.46it/s]  7%|▋         | 166/2500 [00:03<00:46, 50.00it/s]  9%|▊         | 214/2500 [00:04<00:57, 39.54it/s]  9%|▉         | 221/2500 [00:04<00:55, 40.83it/s] 10%|▉         | 238/2500 [00:05<00:56, 39.72it/s] 12%|█▏        | 303/2500 [00:05<00:31, 70.21it/s] 12%|█▏        | 312/2500 [00:06<00:38, 57.42it/s] 13%|█▎        | 320/2500 [00:07<01:04, 33.94it/s] 14%|█▍        | 348/2500 [00:07<01:05, 32.78it/s] 14%|█▍        | 360/2500 [00:08<00:58, 36.89it/s] 16%|█▌        | 397/2500 [00:09<00:58, 36.19it/s] 17%|█▋        | 415/2500 [00:10<01:23, 24.94it/s] 17%|█▋        | 419/2500 [00:11<01:36, 21.46it/s] 17%|█▋        | 434/2500 [00:12<01:45, 19.52it/s] 20%|█▉        | 497/2500 [00:13<00:59, 33.91it/s] 22%|██▏       | 541/2500 [00:13<00:41, 47.58it/s] 22%|██▏       | 562/2500 [00:14<00:48, 39.69it/s] 23%|██▎       | 569/2500 [00:14<00:50, 37.93it/s] 25%|██▍       | 613/2500 [00:15<00:37, 50.60it/s] 26%|██▌       | 649/2500 [00:16<00:51, 35.72it/s] 27%|██▋       | 673/2500 [00:16<00:41, 43.97it/s] 28%|██▊       | 712/2500 [00:18<00:47, 37.79it/s] 29%|██▉       | 719/2500 [00:19<01:14, 23.77it/s] 30%|███       | 760/2500 [00:19<00:45, 37.86it/s] 32%|███▏      | 809/2500 [00:21<00:46, 36.10it/s] 33%|███▎      | 819/2500 [00:21<00:43, 38.34it/s] 33%|███▎      | 832/2500 [00:21<00:39, 41.75it/s] 35%|███▌      | 884/2500 [00:21<00:26, 60.02it/s] 37%|███▋      | 927/2500 [00:22<00:22, 68.65it/s] 38%|███▊      | 949/2500 [00:22<00:21, 73.23it/s] 38%|███▊      | 959/2500 [00:23<00:33, 45.86it/s] 40%|███▉      | 991/2500 [00:23<00:26, 56.96it/s] 41%|████      | 1022/2500 [00:24<00:25, 58.55it/s] 41%|████▏     | 1036/2500 [00:24<00:33, 43.71it/s] 44%|████▍     | 1097/2500 [00:26<00:28, 50.09it/s] 47%|████▋     | 1178/2500 [00:26<00:18, 71.96it/s] 48%|████▊     | 1200/2500 [00:27<00:18, 69.58it/s] 48%|████▊     | 1208/2500 [00:27<00:18, 68.35it/s] 49%|████▊     | 1215/2500 [00:27<00:20, 63.35it/s] 49%|████▉     | 1231/2500 [00:27<00:22, 57.26it/s] 50%|█████     | 1257/2500 [00:28<00:24, 50.51it/s] 51%|█████     | 1276/2500 [00:29<00:35, 34.16it/s] 52%|█████▏    | 1297/2500 [00:29<00:33, 36.21it/s] 53%|█████▎    | 1333/2500 [00:30<00:32, 35.96it/s] 55%|█████▌    | 1381/2500 [00:31<00:19, 58.16it/s] 56%|█████▌    | 1399/2500 [00:32<00:30, 36.32it/s] 57%|█████▋    | 1416/2500 [00:33<00:43, 25.15it/s] 57%|█████▋    | 1433/2500 [00:35<00:50, 21.20it/s] 60%|██████    | 1501/2500 [00:35<00:21, 45.85it/s] 61%|██████    | 1522/2500 [00:35<00:21, 46.36it/s] 62%|██████▏   | 1543/2500 [00:36<00:21, 44.04it/s] 64%|██████▍   | 1607/2500 [00:36<00:11, 78.42it/s] 65%|██████▌   | 1627/2500 [00:37<00:14, 59.67it/s] 66%|██████▌   | 1642/2500 [00:37<00:15, 54.60it/s] 67%|██████▋   | 1665/2500 [00:37<00:12, 67.60it/s] 67%|██████▋   | 1680/2500 [00:37<00:11, 69.62it/s] 68%|██████▊   | 1694/2500 [00:38<00:11, 68.75it/s] 68%|██████▊   | 1707/2500 [00:38<00:18, 43.31it/s] 70%|██████▉   | 1743/2500 [00:38<00:10, 71.67it/s] 71%|███████   | 1774/2500 [00:39<00:07, 94.67it/s] 72%|███████▏  | 1793/2500 [00:39<00:13, 53.58it/s] 73%|███████▎  | 1815/2500 [00:40<00:11, 61.56it/s] 73%|███████▎  | 1827/2500 [00:40<00:12, 54.92it/s] 74%|███████▍  | 1848/2500 [00:40<00:13, 48.63it/s] 75%|███████▍  | 1872/2500 [00:42<00:25, 24.95it/s] 78%|███████▊  | 1958/2500 [00:43<00:11, 49.26it/s] 79%|███████▊  | 1966/2500 [00:44<00:12, 43.39it/s] 79%|███████▉  | 1978/2500 [00:44<00:11, 45.27it/s] 80%|███████▉  | 1993/2500 [00:44<00:10, 50.64it/s] 81%|████████  | 2017/2500 [00:45<00:11, 43.12it/s] 81%|████████  | 2023/2500 [00:45<00:11, 42.90it/s] 81%|████████  | 2030/2500 [00:45<00:11, 40.34it/s] 82%|████████▏ | 2060/2500 [00:46<00:09, 46.57it/s] 83%|████████▎ | 2070/2500 [00:46<00:10, 42.08it/s] 83%|████████▎ | 2075/2500 [00:46<00:11, 35.47it/s] 85%|████████▍ | 2122/2500 [00:47<00:08, 46.58it/s] 85%|████████▌ | 2137/2500 [00:48<00:09, 38.96it/s] 87%|████████▋ | 2168/2500 [00:48<00:05, 58.76it/s] 88%|████████▊ | 2188/2500 [00:48<00:04, 62.69it/s] 88%|████████▊ | 2199/2500 [00:50<00:15, 19.79it/s] 91%|█████████ | 2274/2500 [00:51<00:04, 47.09it/s] 92%|█████████▏| 2309/2500 [00:51<00:03, 61.87it/s] 95%|█████████▍| 2372/2500 [00:51<00:01, 82.30it/s] 96%|█████████▌| 2404/2500 [00:51<00:00, 97.96it/s] 97%|█████████▋| 2423/2500 [00:51<00:00, 102.42it/s] 98%|█████████▊| 2441/2500 [00:52<00:00, 94.06it/s]  98%|█████████▊| 2456/2500 [00:52<00:00, 87.10it/s] 99%|█████████▊| 2468/2500 [00:52<00:00, 59.12it/s] 99%|█████████▉| 2477/2500 [00:53<00:00, 44.19it/s]100%|█████████▉| 2499/2500 [00:53<00:00, 46.74it/s]
multiprocessing.pool.RemoteTraceback: 
"""
Traceback (most recent call last):
  File "/oak/stanford/orgs/kipac/users/delon/miniconda3/envs/nblensing/lib/python3.9/multiprocessing/pool.py", line 125, in worker
    result = (True, func(*args, **kwds))
  File "/home/users/delon/LensQuEst/dev/combine_RDN0.py", line 181, in process_data
    RDN0_data = pickle.load(f)
_pickle.UnpicklingError: pickle data was truncated
"""

The above exception was the direct cause of the following exception:

Traceback (most recent call last):
  File "/home/users/delon/LensQuEst/dev/combine_RDN0.py", line 202, in <module>
    results = list(tqdm(pool.imap(process_data,  range(2500)), total=2500))
  File "/oak/stanford/orgs/kipac/users/delon/miniconda3/envs/nblensing/lib/python3.9/site-packages/tqdm/std.py", line 1178, in __iter__
    for obj in iterable:
  File "/oak/stanford/orgs/kipac/users/delon/miniconda3/envs/nblensing/lib/python3.9/multiprocessing/pool.py", line 870, in next
    raise value
_pickle.UnpicklingError: pickle data was truncated
Exception ignored in: <function Pool.__del__ at 0x7f8f25ccb8b0>
Traceback (most recent call last):
  File "/oak/stanford/orgs/kipac/users/delon/miniconda3/envs/nblensing/lib/python3.9/multiprocessing/pool.py", line 268, in __del__
  File "/oak/stanford/orgs/kipac/users/delon/miniconda3/envs/nblensing/lib/python3.9/multiprocessing/queues.py", line 371, in put
AttributeError: 'NoneType' object has no attribute 'dumps'
